0 info it worked if it ends with ok
1 verbose cli [ 'D:\\SERVER\\laragon\\bin\\nodejs\\node.exe',
1 verbose cli   'D:\\SERVER\\laragon\\bin\\nodejs\\node_modules\\npm\\bin\\npm-cli.js',
1 verbose cli   'run',
1 verbose cli   'dev' ]
2 info using npm@3.10.10
3 info using node@v6.9.5
4 verbose run-script [ 'predev', 'dev', 'postdev' ]
5 info lifecycle @~predev: @
6 silly lifecycle @~predev: no script for predev, continuing
7 info lifecycle @~dev: @
8 verbose lifecycle @~dev: unsafe-perm in lifecycle true
9 verbose lifecycle @~dev: PATH: D:\SERVER\laragon\bin\nodejs\node_modules\npm\bin\node-gyp-bin;D:\SERVER\laragon\www\laraspace\node_modules\.bin;C:\Windows\system32;C:\Windows;C:\Windows\System32\Wbem;C:\Windows\System32\WindowsPowerShell\v1.0\;D:\SERVER\laragon\bin\nodejs;C:\Program Files\Git\cmd;C:\Windows\system32;C:\Windows;C:\Windows\System32\Wbem;C:\Windows\System32\WindowsPowerShell\v1.0\;C:\Users\Raish\AppData\Local\Programs\Git\cmd;C:\Users\Raish\AppData\Local\ComposerSetup\bin;C:\Users\Raish\AppData\Roaming\Composer\vendor\bin;C:\laragon\bin\php\php-7.1.1-Win32-VC14-x86
10 verbose lifecycle @~dev: CWD: D:\SERVER\laragon\www\laraspace
11 silly lifecycle @~dev: Args: [ '/d /s /c',
11 silly lifecycle   'cross-env NODE_ENV=development node_modules/webpack/bin/webpack.js --progress --hide-modules --config=node_modules/laravel-mix/setup/webpack.config.js' ]
12 silly lifecycle @~dev: Returned: code: 2  signal: null
13 info lifecycle @~dev: Failed to exec dev script
14 verbose stack Error: @ dev: `cross-env NODE_ENV=development node_modules/webpack/bin/webpack.js --progress --hide-modules --config=node_modules/laravel-mix/setup/webpack.config.js`
14 verbose stack Exit status 2
14 verbose stack     at EventEmitter.<anonymous> (D:\SERVER\laragon\bin\nodejs\node_modules\npm\lib\utils\lifecycle.js:255:16)
14 verbose stack     at emitTwo (events.js:106:13)
14 verbose stack     at EventEmitter.emit (events.js:191:7)
14 verbose stack     at ChildProcess.<anonymous> (D:\SERVER\laragon\bin\nodejs\node_modules\npm\lib\utils\spawn.js:40:14)
14 verbose stack     at emitTwo (events.js:106:13)
14 verbose stack     at ChildProcess.emit (events.js:191:7)
14 verbose stack     at maybeClose (internal/child_process.js:877:16)
14 verbose stack     at Process.ChildProcess._handle.onexit (internal/child_process.js:226:5)
15 verbose pkgid @
16 verbose cwd D:\SERVER\laragon\www\laraspace
17 error Windows_NT 10.0.10586
18 error argv "D:\\SERVER\\laragon\\bin\\nodejs\\node.exe" "D:\\SERVER\\laragon\\bin\\nodejs\\node_modules\\npm\\bin\\npm-cli.js" "run" "dev"
19 error node v6.9.5
20 error npm  v3.10.10
21 error code ELIFECYCLE
22 error @ dev: `cross-env NODE_ENV=development node_modules/webpack/bin/webpack.js --progress --hide-modules --config=node_modules/laravel-mix/setup/webpack.config.js`
22 error Exit status 2
23 error Failed at the @ dev script 'cross-env NODE_ENV=development node_modules/webpack/bin/webpack.js --progress --hide-modules --config=node_modules/laravel-mix/setup/webpack.config.js'.
23 error Make sure you have the latest version of node.js and npm installed.
23 error If you do, this is most likely a problem with the  package,
23 error not with npm itself.
23 error Tell the author that this fails on your system:
23 error     cross-env NODE_ENV=development node_modules/webpack/bin/webpack.js --progress --hide-modules --config=node_modules/laravel-mix/setup/webpack.config.js
23 error You can get information on how to open an issue for this project with:
23 error     npm bugs
23 error Or if that isn't available, you can get their info via:
23 error     npm owner ls
23 error There is likely additional logging output above.
24 verbose exit [ 1, true ]
